pic/anim_btn_off.bmp
pic/anim_btn_on.bmp
pic/wf_logo.bmp
pic/credits/background.bmp
pic/credits/balloon.bmp
pic/credits/balloon_explode.bmp
pic/credits/cucumber.bmp
pic/credits/gosla.bmp
pic/credits/kasi.bmp
pic/credits/wong.bmp
pic/highscore/background.bmp
pic/mainmenu/btn_credits.bmp
pic/mainmenu/btn_exit.bmp
pic/mainmenu/btn_highscore.bmp
pic/mainmenu/btn_options.bmp
pic/mainmenu/btn_start.bmp
pic/mainmenu/mainmenu_cucuma.bmp
pic/mainmenu/main_menu_bg.bmp
pic/options/background.bmp
pic/options/btn_close.bmp
pic/options/btn_left_arrow.bmp
pic/options/btn_right_arrow.bmp
pic/options/check_button_off.bmp
pic/options/check_button_on.bmp
pic/playing/background.bmp
pic/playing/enter_player_name.bmp
pic/playing/gear.bmp
pic/playing/pause.bmp
pic/playing/spark.bmp
pic/playing/to_start.bmp
sound/exp1.wav
sound/game_exit.ogg
sound/game_playing.ogg
sound/main_menu.ogg
sound/mouse_click.wav
sound/mouse_on_button.wav
sound/shocker.wav
sound/star.mid
